<?xml version="1.0" encoding="UTF-8"?>
<testsuites>
  <testsuite name="" tests="2" assertions="2" errors="0" warnings="0" failures="0" skipped="0" time="0.013857">
    <testsuite name="Test Suite" tests="2" assertions="2" errors="0" warnings="0" failures="0" skipped="0" time="0.013857">
      <testsuite name="Tests\CalculatorTest" file="C:\Users\ElguetaD\Documents\code\calculator-php\tests\CalculatorTest.php" tests="2" assertions="2" errors="0" warnings="0" failures="0" skipped="0" time="0.013857">
        <testcase name="test_area_calculation" class="Tests\CalculatorTest" classname="Tests.CalculatorTest" file="C:\Users\ElguetaD\Documents\code\calculator-php\tests\CalculatorTest.php" line="19" assertions="1" time="0.012249"/>
        <testcase name="test_area_fails_with_negatives_values" class="Tests\CalculatorTest" classname="Tests.CalculatorTest" file="C:\Users\ElguetaD\Documents\code\calculator-php\tests\CalculatorTest.php" line="24" assertions="1" time="0.001609"/>
      </testsuite>
    </testsuite>
  </testsuite>
</testsuites>
